\BOOKMARK [1][-]{section.1}{\376\377\000D\000e\000c\000e\000n\000t\000r\000a\000l\000i\000z\000a\000t\000i\000o\000n\000\040\000a\000n\000d\000\040\000D\000i\000s\000t\000r\000i\000b\000u\000t\000e\000d\000\040\000S\000y\000s\000t\000e\000m\000s}{}% 1
\BOOKMARK [2][-]{subsection.1.1}{\376\377\000D\000e\000c\000e\000n\000t\000r\000a\000l\000i\000z\000a\000t\000i\000o\000n\000\040\000a\000n\000d\000\040\000D\000i\000s\000t\000r\000i\000b\000u\000t\000e\000d\000\040\000S\000y\000s\000t\000e\000m\000s\000\040\000t\000h\000e\000\040\000f\000o\000u\000n\000d\000a\000t\000i\000o\000n\000\040\000f\000o\000r\000\040\000B\000l\000o\000c\000k\000c\000h\000a\000i\000n\000\040\000a\000n\000d\000\040\000I\000P\000F\000S}{section.1}% 2
\BOOKMARK [2][-]{subsection.1.2}{\376\377\000B\000l\000o\000c\000k\000c\000h\000a\000i\000n\000\040\000a\000n\000d\000\040\000I\000P\000F\000S\000:\000\040\000C\000o\000m\000p\000l\000e\000m\000e\000n\000t\000a\000r\000y\000\040\000T\000e\000c\000h\000n\000o\000l\000o\000g\000i\000e\000s\000\040\000f\000o\000r\000\040\000D\000e\000c\000e\000n\000t\000r\000a\000l\000i\000z\000e\000d\000\040\000D\000a\000t\000a\000\040\000M\000a\000n\000a\000g\000e\000m\000e\000n\000t}{section.1}% 3
\BOOKMARK [2][-]{subsection.1.3}{\376\377\000L\000i\000m\000i\000t\000a\000t\000i\000o\000n\000s\000\040\000o\000f\000\040\000B\000l\000o\000c\000k\000c\000h\000a\000i\000n\000\040\000a\000n\000d\000\040\000I\000P\000F\000S}{section.1}% 4
\BOOKMARK [2][-]{subsection.1.4}{\376\377\000I\000n\000t\000e\000g\000r\000a\000t\000i\000o\000n\000\040\000o\000f\000\040\000I\000P\000F\000S\000\040\000a\000n\000d\000\040\000B\000l\000o\000c\000k\000c\000h\000a\000i\000n}{section.1}% 5
\BOOKMARK [2][-]{subsection.1.5}{\376\377\000D\000e\000c\000e\000n\000t\000r\000a\000l\000i\000z\000a\000t\000i\000o\000n\000\040\000a\000n\000d\000\040\000D\000i\000s\000t\000r\000i\000b\000u\000t\000e\000d\000\040\000S\000y\000s\000t\000e\000m\000s\000\040\000i\000n\000\040\000c\000o\000n\000t\000e\000x\000t\000\040\000o\000f\000\040\000t\000h\000e\000\040\000O\000p\000e\000n\000\040\000S\000c\000i\000e\000n\000c\000e\000\040\000P\000l\000a\000t\000f\000o\000r\000m}{section.1}% 6
\BOOKMARK [1][-]{section.2}{\376\377\000B\000l\000o\000c\000k\000c\000h\000a\000i\000n}{}% 7
\BOOKMARK [2][-]{subsection.2.1}{\376\377\000F\000o\000u\000n\000d\000a\000t\000i\000o\000n\000a\000l\000\040\000A\000s\000p\000e\000c\000t\000s}{section.2}% 8
\BOOKMARK [2][-]{subsection.2.2}{\376\377\000P\000u\000b\000l\000i\000c\000,\000\040\000P\000r\000i\000v\000a\000t\000e\000\040\000a\000n\000d\000\040\000H\000y\000b\000r\000i\000d\000\040\000B\000l\000o\000c\000k\000c\000h\000a\000i\000n\000s}{section.2}% 9
\BOOKMARK [3][-]{subsubsection.2.2.1}{\376\377\000P\000u\000b\000l\000i\000c\000\040\000B\000l\000o\000c\000k\000c\000h\000a\000i\000n\000s}{subsection.2.2}% 10
\BOOKMARK [3][-]{subsubsection.2.2.2}{\376\377\000P\000r\000i\000v\000a\000t\000e}{subsection.2.2}% 11
\BOOKMARK [3][-]{subsubsection.2.2.3}{\376\377\000H\000y\000b\000r\000i\000d\000\040\000B\000l\000o\000c\000k\000c\000h\000a\000i\000n\000\040\000M\000o\000d\000e\000l\000s}{subsection.2.2}% 12
\BOOKMARK [2][-]{subsection.2.3}{\376\377\000C\000o\000n\000s\000e\000n\000s\000u\000s\000\040\000M\000e\000c\000h\000a\000n\000i\000s\000m\000s\000\040\000i\000n\000\040\000B\000l\000o\000c\000k\000c\000h\000a\000i\000n}{section.2}% 13
\BOOKMARK [3][-]{subsubsection.2.3.1}{\376\377\000P\000r\000o\000o\000f\000\040\000o\000f\000\040\000W\000o\000r\000k\000\040\000\050\000P\000o\000W\000\051}{subsection.2.3}% 14
\BOOKMARK [3][-]{subsubsection.2.3.2}{\376\377\000P\000r\000o\000o\000f\000\040\000o\000f\000\040\000S\000t\000a\000k\000e\000\040\000\050\000P\000o\000S\000\051}{subsection.2.3}% 15
\BOOKMARK [3][-]{subsubsection.2.3.3}{\376\377\000M\000i\000n\000i\000n\000g\000\040\000a\000n\000d\000\040\000B\000l\000o\000c\000k\000\040\000V\000a\000l\000i\000d\000a\000t\000i\000o\000n}{subsection.2.3}% 16
\BOOKMARK [3][-]{subsubsection.2.3.4}{\376\377\000B\000y\000z\000a\000n\000t\000i\000n\000e\000\040\000F\000a\000u\000l\000t\000\040\000T\000o\000l\000e\000r\000a\000n\000c\000e\000\040\000\050\000B\000F\000T\000\051}{subsection.2.3}% 17
\BOOKMARK [2][-]{subsection.2.4}{\376\377\000Y\000A\000C\000\040\000C\000o\000n\000s\000e\000n\000s\000u\000s\000\040\000a\000n\000d\000\040\000B\000y\000z\000a\000n\000t\000i\000n\000e\000\040\000F\000a\000u\000l\000t\000\040\000T\000o\000l\000e\000r\000a\000n\000c\000e}{section.2}% 18
\BOOKMARK [3][-]{subsubsection.2.4.1}{\376\377\000V\000o\000t\000i\000n\000g\000\040\000f\000o\000r\000\040\000B\000l\000o\000c\000k\000\040\000H\000a\000s\000h}{subsection.2.4}% 19
\BOOKMARK [3][-]{subsubsection.2.4.2}{\376\377\000F\000a\000u\000l\000t\000\040\000T\000o\000l\000e\000r\000a\000n\000c\000e}{subsection.2.4}% 20
\BOOKMARK [3][-]{subsubsection.2.4.3}{\376\377\000F\000i\000n\000a\000l\000i\000t\000y}{subsection.2.4}% 21
\BOOKMARK [3][-]{subsubsection.2.4.4}{\376\377\000P\000e\000r\000m\000i\000s\000s\000i\000o\000n\000e\000d\000\040\000D\000e\000s\000i\000g\000n}{subsection.2.4}% 22
\BOOKMARK [2][-]{subsection.2.5}{\376\377\000C\000o\000n\000s\000e\000n\000s\000u\000s\000\040\000A\000l\000g\000o\000r\000i\000t\000h\000m\000\040\000f\000o\000r\000\040\000Y\000A\000C}{section.2}% 23
\BOOKMARK [3][-]{subsubsection.2.5.1}{\376\377\000F\000a\000u\000l\000t\000\040\000T\000o\000l\000e\000r\000a\000n\000c\000e}{subsection.2.5}% 24
\BOOKMARK [3][-]{subsubsection.2.5.2}{\376\377\000S\000u\000p\000e\000r\000m\000a\000j\000o\000r\000i\000t\000y\000\040\000A\000g\000r\000e\000e\000m\000e\000n\000t}{subsection.2.5}% 25
\BOOKMARK [3][-]{subsubsection.2.5.3}{\376\377\000V\000o\000t\000i\000n\000g\000\040\000P\000r\000o\000c\000e\000s\000s}{subsection.2.5}% 26
\BOOKMARK [3][-]{subsubsection.2.5.4}{\376\377\000F\000i\000n\000a\000l\000i\000t\000y}{subsection.2.5}% 27
\BOOKMARK [2][-]{subsection.2.6}{\376\377\000C\000o\000n\000c\000l\000u\000s\000i\000o\000n}{section.2}% 28
\BOOKMARK [2][-]{subsection.2.7}{\376\377\000P\000u\000b\000l\000i\000c\000\040\000K\000e\000y\000\040\000C\000r\000y\000p\000t\000o\000g\000r\000a\000p\000h\000y\000\040\000i\000n\000\040\000B\000l\000o\000c\000k\000c\000h\000a\000i\000n}{section.2}% 29
\BOOKMARK [3][-]{subsubsection.2.7.1}{\376\377\000R\000o\000l\000e\000\040\000o\000f\000\040\000P\000u\000b\000l\000i\000c\000\040\000K\000e\000y\000\040\000C\000r\000y\000p\000t\000o\000g\000r\000a\000p\000h\000y\000\040\000i\000n\000\040\000B\000l\000o\000c\000k\000c\000h\000a\000i\000n}{subsection.2.7}% 30
\BOOKMARK [3][-]{subsubsection.2.7.2}{\376\377\000C\000o\000m\000m\000o\000n\000l\000y\000\040\000U\000s\000e\000d\000\040\000C\000r\000y\000p\000t\000o\000g\000r\000a\000p\000h\000i\000c\000\040\000C\000i\000p\000h\000e\000r\000s\000\040\000a\000n\000d\000\040\000S\000t\000a\000n\000d\000a\000r\000d\000s}{subsection.2.7}% 31
\BOOKMARK [3][-]{subsubsection.2.7.3}{\376\377\000E\000l\000l\000i\000p\000t\000i\000c\000\040\000C\000u\000r\000v\000e\000\040\000C\000r\000y\000p\000t\000o\000g\000r\000a\000p\000h\000y\000\040\000\050\000E\000C\000C\000\051\000\040\000i\000n\000\040\000B\000l\000o\000c\000k\000c\000h\000a\000i\000n}{subsection.2.7}% 32
\BOOKMARK [1][-]{section.3}{\376\377\000I\000n\000t\000r\000o\000d\000u\000c\000t\000i\000o\000n\000\040\000t\000o\000\040\000S\000m\000a\000r\000t\000\040\000C\000o\000n\000t\000r\000a\000c\000t\000s}{}% 33
\BOOKMARK [1][-]{section.4}{\376\377\000T\000e\000c\000h\000n\000i\000c\000a\000l\000\040\000F\000r\000a\000m\000e\000w\000o\000r\000k\000\040\000a\000n\000d\000\040\000O\000p\000e\000r\000a\000t\000i\000o\000n}{}% 34
\BOOKMARK [1][-]{section.5}{\376\377\000S\000m\000a\000r\000t\000\040\000C\000o\000n\000t\000r\000a\000c\000t\000s\000\040\000i\000n\000\040\000D\000e\000c\000e\000n\000t\000r\000a\000l\000i\000z\000e\000d\000\040\000A\000p\000p\000l\000i\000c\000a\000t\000i\000o\000n\000s\000\040\000\050\000d\000A\000p\000p\000s\000\051}{}% 35
\BOOKMARK [1][-]{section.6}{\376\377\000H\000y\000p\000e\000r\000l\000e\000d\000g\000e\000r\000\040\000I\000m\000p\000l\000e\000m\000e\000n\000t\000a\000t\000i\000o\000n\000s}{}% 36
\BOOKMARK [2][-]{subsection.6.1}{\376\377\000H\000y\000p\000e\000r\000l\000e\000d\000g\000e\000r\000\040\000F\000a\000b\000r\000i\000c}{section.6}% 37
\BOOKMARK [2][-]{subsection.6.2}{\376\377\000H\000y\000p\000e\000r\000l\000e\000d\000g\000e\000r\000\040\000B\000u\000r\000r\000o\000w}{section.6}% 38
\BOOKMARK [2][-]{subsection.6.3}{\376\377\000H\000y\000p\000e\000r\000l\000e\000d\000g\000e\000r\000\040\000I\000r\000o\000h\000a}{section.6}% 39
\BOOKMARK [1][-]{section.7}{\376\377\000S\000m\000a\000r\000t\000\040\000C\000o\000n\000t\000r\000a\000c\000t\000s\000\040\000f\000o\000r\000\040\000S\000c\000i\000e\000n\000t\000i\000f\000i\000c\000\040\000R\000e\000s\000e\000a\000r\000c\000h\000\040\000R\000e\000p\000r\000o\000d\000u\000c\000i\000b\000i\000l\000i\000t\000y}{}% 40
\BOOKMARK [1][-]{section.8}{\376\377\000C\000o\000n\000c\000l\000u\000s\000i\000o\000n}{}% 41
\BOOKMARK [1][-]{section.9}{\376\377\000T\000h\000e\000\040\000I\000n\000t\000e\000r\000P\000l\000a\000n\000e\000t\000a\000r\000y\000\040\000F\000i\000l\000e\000\040\000S\000y\000s\000t\000e\000m\000\040\000\050\000I\000P\000F\000S\000\051}{}% 42
\BOOKMARK [2][-]{subsection.9.1}{\376\377\000B\000a\000c\000k\000g\000r\000o\000u\000n\000d\000\040\000a\000n\000d\000\040\000A\000r\000c\000h\000i\000t\000e\000c\000t\000u\000r\000a\000l\000\040\000P\000r\000i\000n\000c\000i\000p\000l\000e\000s}{section.9}% 43
\BOOKMARK [2][-]{subsection.9.2}{\376\377\000K\000e\000y\000\040\000A\000r\000c\000h\000i\000t\000e\000c\000t\000u\000r\000a\000l\000\040\000C\000o\000m\000p\000o\000n\000e\000n\000t\000s}{section.9}% 44
\BOOKMARK [2][-]{subsection.9.3}{\376\377\000C\000o\000n\000t\000e\000n\000t\000\040\000A\000d\000d\000r\000e\000s\000s\000i\000n\000g\000\040\000a\000n\000d\000\040\000D\000a\000t\000a\000\040\000I\000n\000t\000e\000g\000r\000i\000t\000y}{section.9}% 45
\BOOKMARK [2][-]{subsection.9.4}{\376\377\000R\000o\000u\000t\000i\000n\000g\000\040\000a\000n\000d\000\040\000P\000e\000e\000r\000\040\000D\000i\000s\000c\000o\000v\000e\000r\000y}{section.9}% 46
\BOOKMARK [2][-]{subsection.9.5}{\376\377\000B\000l\000o\000c\000k\000\040\000E\000x\000c\000h\000a\000n\000g\000e\000\040\000a\000n\000d\000\040\000I\000n\000c\000e\000n\000t\000i\000v\000e\000\040\000M\000e\000c\000h\000a\000n\000i\000s\000m\000s}{section.9}% 47
\BOOKMARK [2][-]{subsection.9.6}{\376\377\000S\000e\000c\000u\000r\000i\000t\000y\000\040\000a\000n\000d\000\040\000N\000o\000d\000e\000\040\000A\000u\000t\000h\000e\000n\000t\000i\000c\000a\000t\000i\000o\000n}{section.9}% 48
\BOOKMARK [1][-]{section.10}{\376\377\000M\000a\000t\000h\000e\000m\000a\000t\000i\000c\000a\000l\000\040\000F\000o\000u\000n\000d\000a\000t\000i\000o\000n\000s\000\040\000o\000f\000\040\000I\000P\000F\000S}{}% 49
\BOOKMARK [2][-]{subsection.10.1}{\376\377\000C\000r\000y\000p\000t\000o\000g\000r\000a\000p\000h\000i\000c\000\040\000H\000a\000s\000h\000i\000n\000g\000\040\000F\000u\000n\000c\000t\000i\000o\000n\000s}{section.10}% 50
\BOOKMARK [2][-]{subsection.10.2}{\376\377\000M\000e\000r\000k\000l\000e\000\040\000T\000r\000e\000e\000s\000\040\000a\000n\000d\000\040\000C\000o\000n\000t\000e\000n\000t\000\040\000A\000d\000d\000r\000e\000s\000s\000i\000n\000g}{section.10}% 51
\BOOKMARK [2][-]{subsection.10.3}{\376\377\000I\000m\000p\000l\000i\000c\000a\000t\000i\000o\000n\000s\000\040\000f\000o\000r\000\040\000D\000a\000t\000a\000\040\000I\000n\000t\000e\000g\000r\000i\000t\000y\000\040\000a\000n\000d\000\040\000S\000e\000c\000u\000r\000i\000t\000y}{section.10}% 52
\BOOKMARK [2][-]{subsection.10.4}{\376\377\000E\000f\000f\000i\000c\000i\000e\000n\000c\000y\000\040\000a\000n\000d\000\040\000S\000c\000a\000l\000a\000b\000i\000l\000i\000t\000y}{section.10}% 53
\BOOKMARK [1][-]{section.11}{\376\377\000I\000P\000F\000S\000\040\000a\000n\000d\000\040\000B\000l\000o\000c\000k\000c\000h\000a\000i\000n\000\040\000C\000o\000m\000p\000l\000e\000m\000e\000n\000t\000a\000r\000i\000t\000y}{}% 54
\BOOKMARK [2][-]{subsection.11.1}{\376\377\000A\000d\000d\000r\000e\000s\000s\000i\000n\000g\000\040\000B\000l\000o\000c\000k\000c\000h\000a\000i\000n\000\040\000S\000t\000o\000r\000a\000g\000e\000\040\000L\000i\000m\000i\000t\000a\000t\000i\000o\000n\000s}{section.11}% 55
\BOOKMARK [2][-]{subsection.11.2}{\376\377\000I\000n\000t\000e\000g\000r\000a\000t\000i\000o\000n\000\040\000w\000i\000t\000h\000\040\000t\000h\000e\000\040\000O\000p\000e\000n\000\040\000S\000c\000i\000e\000n\000c\000e\000\040\000P\000l\000a\000t\000f\000o\000r\000m}{section.11}% 56
\BOOKMARK [2][-]{subsection.11.3}{\376\377\000C\000o\000n\000c\000l\000u\000s\000i\000o\000n}{section.11}% 57
\BOOKMARK [1][-]{section.12}{\376\377\000A\000n\000a\000l\000y\000s\000i\000s\000\040\000o\000f\000\040\000t\000h\000e\000\040\000O\000p\000e\000n\000\040\000S\000c\000i\000e\000n\000c\000e\000\040\000M\000o\000v\000e\000m\000e\000n\000t\000\040\000a\000n\000d\000\040\000R\000e\000p\000r\000o\000d\000u\000c\000i\000b\000i\000l\000i\000t\000y\000\040\000C\000h\000a\000l\000l\000e\000n\000g\000e\000s}{}% 58
\BOOKMARK [2][-]{subsection.12.1}{\376\377\000H\000i\000s\000t\000o\000r\000i\000c\000a\000l\000\040\000B\000a\000c\000k\000g\000r\000o\000u\000n\000d\000\040\000a\000n\000d\000\040\000E\000v\000o\000l\000u\000t\000i\000o\000n\000\040\000o\000f\000\040\000t\000h\000e\000\040\000O\000p\000e\000n\000\040\000S\000c\000i\000e\000n\000c\000e\000\040\000M\000o\000v\000e\000m\000e\000n\000t}{section.12}% 59
\BOOKMARK [2][-]{subsection.12.2}{\376\377\000O\000b\000j\000e\000c\000t\000i\000v\000e\000s\000\040\000a\000n\000d\000\040\000M\000a\000i\000n\000\040\000T\000e\000n\000e\000t\000s\000\040\000o\000f\000\040\000O\000p\000e\000n\000\040\000S\000c\000i\000e\000n\000c\000e}{section.12}% 60
\BOOKMARK [2][-]{subsection.12.3}{\376\377\000B\000e\000n\000e\000f\000i\000t\000s\000,\000\040\000P\000r\000o\000s\000,\000\040\000a\000n\000d\000\040\000C\000o\000n\000s\000\040\000o\000f\000\040\000O\000p\000e\000n\000\040\000S\000c\000i\000e\000n\000c\000e}{section.12}% 61
\BOOKMARK [2][-]{subsection.12.4}{\376\377\000R\000e\000p\000r\000o\000d\000u\000c\000i\000b\000i\000l\000i\000t\000y\000\040\000i\000n\000\040\000S\000c\000i\000e\000n\000c\000e\000:\000\040\000C\000u\000r\000r\000e\000n\000t\000\040\000G\000a\000p\000s\000\040\000a\000n\000d\000\040\000C\000h\000a\000l\000l\000e\000n\000g\000e\000s}{section.12}% 62
\BOOKMARK [2][-]{subsection.12.5}{\376\377\000C\000o\000n\000c\000l\000u\000s\000i\000o\000n}{section.12}% 63
\BOOKMARK [1][-]{section.13}{\376\377\000A\000n\000a\000l\000y\000s\000i\000s\000\040\000o\000f\000\040\000t\000h\000e\000\040\000H\000y\000p\000o\000t\000h\000e\000s\000i\000s\000:\000\040\000D\000e\000c\000e\000n\000t\000r\000a\000l\000i\000z\000e\000d\000\040\000T\000e\000c\000h\000n\000o\000l\000o\000g\000i\000e\000s\000\040\000a\000n\000d\000\040\000O\000p\000e\000n\000\040\000S\000c\000i\000e\000n\000c\000e}{}% 64
\BOOKMARK [2][-]{subsection.13.1}{\376\377\000I\000n\000t\000r\000o\000d\000u\000c\000t\000i\000o\000n}{section.13}% 65
\BOOKMARK [2][-]{subsection.13.2}{\376\377\000C\000u\000r\000r\000e\000n\000t\000\040\000O\000p\000e\000n\000\040\000S\000c\000i\000e\000n\000c\000e\000\040\000I\000m\000p\000l\000e\000m\000e\000n\000t\000a\000t\000i\000o\000n\000s\000\040\000a\000n\000d\000\040\000C\000e\000n\000t\000r\000a\000l\000i\000z\000e\000d\000\040\000S\000y\000s\000t\000e\000m\000s}{section.13}% 66
\BOOKMARK [2][-]{subsection.13.3}{\376\377\000D\000e\000c\000e\000n\000t\000r\000a\000l\000i\000z\000e\000d\000\040\000T\000e\000c\000h\000n\000o\000l\000o\000g\000i\000e\000s\000\040\000a\000n\000d\000\040\000T\000h\000e\000i\000r\000\040\000P\000o\000t\000e\000n\000t\000i\000a\000l\000\040\000I\000m\000p\000a\000c\000t}{section.13}% 67
\BOOKMARK [2][-]{subsection.13.4}{\376\377\000I\000m\000p\000r\000o\000v\000e\000m\000e\000n\000t\000\040\000i\000n\000\040\000R\000e\000p\000r\000o\000d\000u\000c\000i\000b\000i\000l\000i\000t\000y}{section.13}% 68
\BOOKMARK [2][-]{subsection.13.5}{\376\377\000C\000o\000n\000t\000r\000a\000s\000t\000s\000\040\000w\000i\000t\000h\000\040\000C\000u\000r\000r\000e\000n\000t\000\040\000O\000p\000e\000n\000\040\000S\000c\000i\000e\000n\000c\000e\000\040\000I\000m\000p\000l\000e\000m\000e\000n\000t\000a\000t\000i\000o\000n\000s}{section.13}% 69
\BOOKMARK [2][-]{subsection.13.6}{\376\377\000C\000u\000r\000r\000e\000n\000t\000\040\000G\000a\000p\000s\000\040\000a\000n\000d\000\040\000F\000u\000t\000u\000r\000e\000\040\000P\000o\000t\000e\000n\000t\000i\000a\000l}{section.13}% 70
\BOOKMARK [2][-]{subsection.13.7}{\376\377\000C\000o\000n\000c\000l\000u\000s\000i\000o\000n}{section.13}% 71
